<?xml version="1.0" encoding="UTF-8"?>
<!-- Generated by org.testng.reporters.JUnitReportReporter -->
<testsuite hostname="LAPTOP-2LPNT3FM" failures="0" tests="1" name="cucumberOptions.TestNGTestRunner" time="14.973" errors="0" timestamp="2024-09-11T22:01:35 IST" skipped="0">
  <testcase classname="cucumberOptions.TestNGTestRunner" name="runScenario" time="14.973"/>
  <system-out/>
</testsuite> <!-- cucumberOptions.TestNGTestRunner -->
