<?xml version="1.0" encoding="UTF-8"?>
<!-- Generated by org.testng.reporters.JUnitReportReporter -->
<testsuite hostname="LAPTOP-2LPNT3FM" failures="0" tests="1" name="cucumberOptions.TestNGTestRunner" time="13.235" errors="0" timestamp="2024-09-13T13:16:45 IST" skipped="0">
  <testcase classname="cucumberOptions.TestNGTestRunner" name="runScenario" time="13.235"/>
  <system-out/>
</testsuite> <!-- cucumberOptions.TestNGTestRunner -->
